<?xml version="1.0" encoding="UTF-8"?>
<testng-results ignored="0" total="1" passed="1" failed="0" skipped="0">
  <reporter-output>
  </reporter-output>
  <suite started-at="2023-07-14T17:33:53 IST" name="jenkin1project.Sample1Test" finished-at="2023-07-14T17:33:55 IST" duration-ms="2806">
    <groups>
    </groups>
    <test started-at="2023-07-14T17:33:53 IST" name="Command line test" finished-at="2023-07-14T17:33:55 IST" duration-ms="2806">
      <class name="jenkin1project.Sample1Test">
        <test-method is-config="true" signature="f2()[pri:0, instance:jenkin1project.Sample1Test@17f7cd29]" started-at="2023-07-14T17:33:53 IST" name="f2" finished-at="2023-07-14T17:33:54 IST" duration-ms="1870" status="PASS">
          <reporter-output>
          </reporter-output>
        </test-method> <!-- f2 -->
        <test-method signature="f1()[pri:0, instance:jenkin1project.Sample1Test@17f7cd29]" started-at="2023-07-14T17:33:54 IST" name="f1" finished-at="2023-07-14T17:33:55 IST" duration-ms="894" status="PASS">
          <reporter-output>
          </reporter-output>
        </test-method> <!-- f1 -->
      </class> <!-- jenkin1project.Sample1Test -->
    </test> <!-- Command line test -->
  </suite> <!-- jenkin1project.Sample1Test -->
</testng-results>
