<?xml version="1.0" encoding="UTF-8"?>
<testng-results ignored="0" total="1" passed="1" failed="0" skipped="0">
  <reporter-output>
  </reporter-output>
  <suite started-at="2023-07-14T17:33:24 IST" name="Default suite" finished-at="2023-07-14T17:33:28 IST" duration-ms="3626">
    <groups>
    </groups>
    <test started-at="2023-07-14T17:33:24 IST" name="Default test" finished-at="2023-07-14T17:33:28 IST" duration-ms="3626">
      <class name="jenkin1project.Sample1Test">
        <test-method is-config="true" signature="f2()[pri:0, instance:jenkin1project.Sample1Test@750e2b97]" started-at="2023-07-14T17:33:24 IST" name="f2" finished-at="2023-07-14T17:33:26 IST" duration-ms="1857" status="PASS">
          <reporter-output>
          </reporter-output>
        </test-method> <!-- f2 -->
        <test-method signature="f1()[pri:0, instance:jenkin1project.Sample1Test@750e2b97]" started-at="2023-07-14T17:33:26 IST" name="f1" finished-at="2023-07-14T17:33:28 IST" duration-ms="1714" status="PASS">
          <reporter-output>
          </reporter-output>
        </test-method> <!-- f1 -->
      </class> <!-- jenkin1project.Sample1Test -->
    </test> <!-- Default test -->
  </suite> <!-- Default suite -->
</testng-results>
